<?xml version="1.0" encoding="UTF-8"?>
<testng-results retried="1" ignored="1" total="10" passed="8" failed="0" skipped="0">
  <reporter-output>
    <line>
      <![CDATA[Test case is pass]]>
    </line>
    <line>
      <![CDATA[Test case is pass]]>
    </line>
    <line>
      <![CDATA[Test case is pass]]>
    </line>
    <line>
      <![CDATA[Test case is pass]]>
    </line>
    <line>
      <![CDATA[Test case is pass]]>
    </line>
    <line>
      <![CDATA[Test case is pass]]>
    </line>
    <line>
      <![CDATA[Test case is pass]]>
    </line>
    <line>
      <![CDATA[Test case is pass]]>
    </line>
  </reporter-output>
  <suite started-at="2024-09-09T14:31:41 CDT" name="Suite" finished-at="2024-09-09T14:34:09 CDT" duration-ms="148184">
    <groups>
    </groups>
    <test started-at="2024-09-09T14:31:41 CDT" name="Test" finished-at="2024-09-09T14:34:09 CDT" duration-ms="148184">
      <class name="amazon.ProjectOne.Testcase12_Paymentmethod">
        <test-method is-config="true" signature="launch_browser()[pri:0, instance:amazon.ProjectOne.Testcase12_Paymentmethod@4d5650ae]" started-at="2024-09-09T14:32:27 CDT" name="launch_browser" finished-at="2024-09-09T14:32:30 CDT" duration-ms="3239" status="PASS">
          <reporter-output>
          </reporter-output>
        </test-method> <!-- launch_browser -->
        <test-method signature="paymentsmethod()[pri:0, instance:amazon.ProjectOne.Testcase12_Paymentmethod@4d5650ae]" started-at="2024-09-09T14:32:30 CDT" name="paymentsmethod" finished-at="2024-09-09T14:32:51 CDT" duration-ms="20235" status="PASS">
          <reporter-output>
            <line>
              <![CDATA[Test case is pass]]>
            </line>
          </reporter-output>
        </test-method> <!-- paymentsmethod -->
        <test-method is-config="true" signature="quit_browser()[pri:0, instance:amazon.ProjectOne.Testcase12_Paymentmethod@4d5650ae]" started-at="2024-09-09T14:32:51 CDT" name="quit_browser" finished-at="2024-09-09T14:32:56 CDT" duration-ms="5353" status="PASS">
          <reporter-output>
          </reporter-output>
        </test-method> <!-- quit_browser -->
      </class> <!-- amazon.ProjectOne.Testcase12_Paymentmethod -->
      <class name="amazon.ProjectOne.Testcase15_ReachCartPage">
        <test-method is-config="true" signature="launch_browser()[pri:0, instance:amazon.ProjectOne.Testcase15_ReachCartPage@70e9c95d]" started-at="2024-09-09T14:32:08 CDT" name="launch_browser" finished-at="2024-09-09T14:32:11 CDT" duration-ms="2868" status="PASS">
          <reporter-output>
          </reporter-output>
        </test-method> <!-- launch_browser -->
        <test-method signature="cartpagewithoutlogin()[pri:0, instance:amazon.ProjectOne.Testcase15_ReachCartPage@70e9c95d]" started-at="2024-09-09T14:32:11 CDT" name="cartpagewithoutlogin" finished-at="2024-09-09T14:32:22 CDT" duration-ms="10358" status="PASS">
          <reporter-output>
            <line>
              <![CDATA[Test case is pass]]>
            </line>
          </reporter-output>
        </test-method> <!-- cartpagewithoutlogin -->
        <test-method is-config="true" signature="quit_browser()[pri:0, instance:amazon.ProjectOne.Testcase15_ReachCartPage@70e9c95d]" started-at="2024-09-09T14:32:22 CDT" name="quit_browser" finished-at="2024-09-09T14:32:27 CDT" duration-ms="5325" status="PASS">
          <reporter-output>
          </reporter-output>
        </test-method> <!-- quit_browser -->
      </class> <!-- amazon.ProjectOne.Testcase15_ReachCartPage -->
      <class name="amazon.ProjectOne.Testcase7_Productdetailspage">
        <test-method is-config="true" signature="launch_browser()[pri:0, instance:amazon.ProjectOne.Testcase7_Productdetailspage@7bab3f1a]" started-at="2024-09-09T14:31:41 CDT" name="launch_browser" finished-at="2024-09-09T14:31:44 CDT" duration-ms="3349" status="PASS">
          <reporter-output>
          </reporter-output>
        </test-method> <!-- launch_browser -->
        <test-method signature="prdctdet()[pri:0, instance:amazon.ProjectOne.Testcase7_Productdetailspage@7bab3f1a]" started-at="2024-09-09T14:31:44 CDT" name="prdctdet" finished-at="2024-09-09T14:31:48 CDT" duration-ms="3205" status="PASS">
          <reporter-output>
            <line>
              <![CDATA[Test case is pass]]>
            </line>
          </reporter-output>
        </test-method> <!-- prdctdet -->
        <test-method is-config="true" signature="quit_browser()[pri:0, instance:amazon.ProjectOne.Testcase7_Productdetailspage@7bab3f1a]" started-at="2024-09-09T14:31:48 CDT" name="quit_browser" finished-at="2024-09-09T14:31:53 CDT" duration-ms="5284" status="PASS">
          <reporter-output>
          </reporter-output>
        </test-method> <!-- quit_browser -->
      </class> <!-- amazon.ProjectOne.Testcase7_Productdetailspage -->
      <class name="amazon.ProjectOne.Testcase9_addingToCart">
        <test-method is-config="true" signature="launch_browser()[pri:0, instance:amazon.ProjectOne.Testcase9_addingToCart@2e3967ea]" started-at="2024-09-09T14:31:53 CDT" name="launch_browser" finished-at="2024-09-09T14:31:56 CDT" duration-ms="2842" status="PASS">
          <reporter-output>
          </reporter-output>
        </test-method> <!-- launch_browser -->
        <test-method signature="addingtocart()[pri:0, instance:amazon.ProjectOne.Testcase9_addingToCart@2e3967ea]" started-at="2024-09-09T14:31:56 CDT" name="addingtocart" finished-at="2024-09-09T14:32:03 CDT" duration-ms="6976" status="PASS">
          <reporter-output>
            <line>
              <![CDATA[Test case is pass]]>
            </line>
          </reporter-output>
        </test-method> <!-- addingtocart -->
        <test-method is-config="true" signature="quit_browser()[pri:0, instance:amazon.ProjectOne.Testcase9_addingToCart@2e3967ea]" started-at="2024-09-09T14:32:03 CDT" name="quit_browser" finished-at="2024-09-09T14:32:08 CDT" duration-ms="5289" status="PASS">
          <reporter-output>
          </reporter-output>
        </test-method> <!-- quit_browser -->
      </class> <!-- amazon.ProjectOne.Testcase9_addingToCart -->
      <class name="amazon.ProjectOne.Testcase8_sortby_Relevance_Price_Rating">
        <test-method is-config="true" signature="launch_browser()[pri:0, instance:amazon.ProjectOne.Testcase8_sortby_Relevance_Price_Rating@6fdbe764]" started-at="2024-09-09T14:33:21 CDT" name="launch_browser" finished-at="2024-09-09T14:33:24 CDT" duration-ms="3174" status="PASS">
          <reporter-output>
          </reporter-output>
        </test-method> <!-- launch_browser -->
        <test-method signature="sortbyprice()[pri:0, instance:amazon.ProjectOne.Testcase8_sortby_Relevance_Price_Rating@6fdbe764]" started-at="2024-09-09T14:33:24 CDT" name="sortbyprice" finished-at="2024-09-09T14:33:27 CDT" duration-ms="2901" status="PASS">
          <reporter-output>
            <line>
              <![CDATA[Test case is pass]]>
            </line>
          </reporter-output>
        </test-method> <!-- sortbyprice -->
        <test-method is-config="true" signature="quit_browser()[pri:0, instance:amazon.ProjectOne.Testcase8_sortby_Relevance_Price_Rating@6fdbe764]" started-at="2024-09-09T14:33:27 CDT" name="quit_browser" finished-at="2024-09-09T14:33:32 CDT" duration-ms="5209" status="PASS">
          <reporter-output>
          </reporter-output>
        </test-method> <!-- quit_browser -->
      </class> <!-- amazon.ProjectOne.Testcase8_sortby_Relevance_Price_Rating -->
      <class name="amazon.ProjectOne.Testcase6_searchingWithFilters">
        <test-method is-config="true" signature="launch_browser()[pri:0, instance:amazon.ProjectOne.Testcase6_searchingWithFilters@a38c7fe]" started-at="2024-09-09T14:32:56 CDT" name="launch_browser" finished-at="2024-09-09T14:32:59 CDT" duration-ms="2636" status="PASS">
          <reporter-output>
          </reporter-output>
        </test-method> <!-- launch_browser -->
        <test-method signature="filters()[pri:0, instance:amazon.ProjectOne.Testcase6_searchingWithFilters@a38c7fe]" started-at="2024-09-09T14:32:59 CDT" name="filters" finished-at="2024-09-09T14:33:07 CDT" duration-ms="8639" status="PASS">
          <reporter-output>
            <line>
              <![CDATA[Test case is pass]]>
            </line>
          </reporter-output>
        </test-method> <!-- filters -->
        <test-method is-config="true" signature="quit_browser()[pri:0, instance:amazon.ProjectOne.Testcase6_searchingWithFilters@a38c7fe]" started-at="2024-09-09T14:33:14 CDT" name="quit_browser" finished-at="2024-09-09T14:33:21 CDT" duration-ms="7053" status="PASS">
          <reporter-output>
          </reporter-output>
        </test-method> <!-- quit_browser -->
      </class> <!-- amazon.ProjectOne.Testcase6_searchingWithFilters -->
      <class name="amazon.ProjectOne.Testcase2_for_Loginwith_CorrectCredentials">
        <test-method is-config="true" signature="launch_browser()[pri:0, instance:amazon.ProjectOne.Testcase2_for_Loginwith_CorrectCredentials@51c668e3]" started-at="2024-09-09T14:33:32 CDT" name="launch_browser" finished-at="2024-09-09T14:33:35 CDT" duration-ms="2597" status="PASS">
          <reporter-output>
          </reporter-output>
        </test-method> <!-- launch_browser -->
        <test-method retried="true" signature="login()[pri:0, instance:amazon.ProjectOne.Testcase2_for_Loginwith_CorrectCredentials@51c668e3]" started-at="2024-09-09T14:33:35 CDT" name="login" finished-at="2024-09-09T14:33:39 CDT" duration-ms="4237" status="SKIP">
          <exception class="java.lang.AssertionError">
            <message>
              <![CDATA[Sorry the testcase is failed expected [Online Shopping site in India: Shop Online for Mobiles, Books, Watches, Shoes and More - Amazon.in] but found [Authentication required]]]>
            </message>
            <full-stacktrace>
              <![CDATA[java.lang.AssertionError: Sorry the testcase is failed expected [Online Shopping site in India: Shop Online for Mobiles, Books, Watches, Shoes and More - Amazon.in] but found [Authentication required]
at org.testng.Assert.fail(Assert.java:111)
at org.testng.Assert.failNotEquals(Assert.java:1578)
at org.testng.Assert.assertEqualsImpl(Assert.java:150)
at org.testng.Assert.assertEquals(Assert.java:132)
at org.testng.Assert.assertEquals(Assert.java:656)
at amazon.ProjectOne.Testcase2_for_Loginwith_CorrectCredentials.login(Testcase2_for_Loginwith_CorrectCredentials.java:30)
at java.base/jdk.internal.reflect.NativeMethodAccessorImpl.invoke0(Native Method)
at java.base/jdk.internal.reflect.NativeMethodAccessorImpl.invoke(NativeMethodAccessorImpl.java:77)
at java.base/jdk.internal.reflect.DelegatingMethodAccessorImpl.invoke(DelegatingMethodAccessorImpl.java:43)
at java.base/java.lang.reflect.Method.invoke(Method.java:568)
at org.testng.internal.invokers.MethodInvocationHelper.invokeMethod(MethodInvocationHelper.java:139)
at org.testng.internal.invokers.TestInvoker.invokeMethod(TestInvoker.java:664)
at org.testng.internal.invokers.TestInvoker.invokeTestMethod(TestInvoker.java:227)
at org.testng.internal.invokers.MethodRunner.runInSequence(MethodRunner.java:50)
at org.testng.internal.invokers.TestInvoker$MethodInvocationAgent.invoke(TestInvoker.java:957)
at org.testng.internal.invokers.TestInvoker.invokeTestMethods(TestInvoker.java:200)
at org.testng.internal.invokers.TestMethodWorker.invokeTestMethods(TestMethodWorker.java:148)
at org.testng.internal.invokers.TestMethodWorker.run(TestMethodWorker.java:128)
at java.base/java.util.ArrayList.forEach(ArrayList.java:1511)
at org.testng.TestRunner.privateRun(TestRunner.java:848)
at org.testng.TestRunner.run(TestRunner.java:621)
at org.testng.SuiteRunner.runTest(SuiteRunner.java:443)
at org.testng.SuiteRunner.runSequentially(SuiteRunner.java:437)
at org.testng.SuiteRunner.privateRun(SuiteRunner.java:397)
at org.testng.SuiteRunner.run(SuiteRunner.java:336)
at org.testng.SuiteRunnerWorker.runSuite(SuiteRunnerWorker.java:52)
at org.testng.SuiteRunnerWorker.run(SuiteRunnerWorker.java:95)
at org.testng.TestNG.runSuitesSequentially(TestNG.java:1280)
at org.testng.TestNG.runSuitesLocally(TestNG.java:1200)
at org.testng.TestNG.runSuites(TestNG.java:1114)
at org.testng.TestNG.run(TestNG.java:1082)
at org.apache.maven.surefire.testng.TestNGExecutor.run(TestNGExecutor.java:308)
at org.apache.maven.surefire.testng.TestNGXmlTestSuite.execute(TestNGXmlTestSuite.java:71)
at org.apache.maven.surefire.testng.TestNGProvider.invoke(TestNGProvider.java:113)
at org.apache.maven.surefire.booter.ForkedBooter.runSuitesInProcess(ForkedBooter.java:385)
at org.apache.maven.surefire.booter.ForkedBooter.execute(ForkedBooter.java:162)
at org.apache.maven.surefire.booter.ForkedBooter.run(ForkedBooter.java:507)
at org.apache.maven.surefire.booter.ForkedBooter.main(ForkedBooter.java:495)
]]>
            </full-stacktrace>
          </exception> <!-- java.lang.AssertionError -->
          <reporter-output>
          </reporter-output>
        </test-method> <!-- login -->
        <test-method is-config="true" signature="quit_browser()[pri:0, instance:amazon.ProjectOne.Testcase2_for_Loginwith_CorrectCredentials@51c668e3]" started-at="2024-09-09T14:33:39 CDT" name="quit_browser" finished-at="2024-09-09T14:33:44 CDT" duration-ms="5198" status="PASS">
          <reporter-output>
          </reporter-output>
        </test-method> <!-- quit_browser -->
        <test-method is-config="true" signature="launch_browser()[pri:0, instance:amazon.ProjectOne.Testcase2_for_Loginwith_CorrectCredentials@51c668e3]" started-at="2024-09-09T14:33:44 CDT" name="launch_browser" finished-at="2024-09-09T14:33:47 CDT" duration-ms="2765" status="PASS">
          <reporter-output>
          </reporter-output>
        </test-method> <!-- launch_browser -->
        <test-method signature="login()[pri:0, instance:amazon.ProjectOne.Testcase2_for_Loginwith_CorrectCredentials@51c668e3]" started-at="2024-09-09T14:33:47 CDT" name="login" finished-at="2024-09-09T14:33:53 CDT" duration-ms="6007" status="PASS">
          <reporter-output>
            <line>
              <![CDATA[Test case is pass]]>
            </line>
          </reporter-output>
        </test-method> <!-- login -->
        <test-method is-config="true" signature="quit_browser()[pri:0, instance:amazon.ProjectOne.Testcase2_for_Loginwith_CorrectCredentials@51c668e3]" started-at="2024-09-09T14:33:53 CDT" name="quit_browser" finished-at="2024-09-09T14:33:58 CDT" duration-ms="5305" status="PASS">
          <reporter-output>
          </reporter-output>
        </test-method> <!-- quit_browser -->
      </class> <!-- amazon.ProjectOne.Testcase2_for_Loginwith_CorrectCredentials -->
      <class name="amazon.ProjectOne.Testcase5_searchingshoe">
        <test-method is-config="true" signature="launch_browser()[pri:0, instance:amazon.ProjectOne.Testcase5_searchingshoe@2e6a8155]" started-at="2024-09-09T14:33:58 CDT" name="launch_browser" finished-at="2024-09-09T14:34:01 CDT" duration-ms="2630" status="PASS">
          <reporter-output>
          </reporter-output>
        </test-method> <!-- launch_browser -->
        <test-method signature="search()[pri:0, instance:amazon.ProjectOne.Testcase5_searchingshoe@2e6a8155]" started-at="2024-09-09T14:34:01 CDT" name="search" finished-at="2024-09-09T14:34:04 CDT" duration-ms="2799" status="PASS">
          <reporter-output>
            <line>
              <![CDATA[Test case is pass]]>
            </line>
          </reporter-output>
        </test-method> <!-- search -->
        <test-method is-config="true" signature="quit_browser()[pri:0, instance:amazon.ProjectOne.Testcase5_searchingshoe@2e6a8155]" started-at="2024-09-09T14:34:04 CDT" name="quit_browser" finished-at="2024-09-09T14:34:09 CDT" duration-ms="5266" status="PASS">
          <reporter-output>
          </reporter-output>
        </test-method> <!-- quit_browser -->
      </class> <!-- amazon.ProjectOne.Testcase5_searchingshoe -->
    </test> <!-- Test -->
  </suite> <!-- Suite -->
</testng-results>
